22:04:59.563 [Worker-38] ERROR org.coocox.codb.common.log.ErrorLog - getExamplesOfCompByCompId API failed 
Connection refused: connect
java.net.PlainSocketImpl.socketConnect(Native Method)
java.net.PlainSocketImpl.doConnect(Unknown Source)
java.net.PlainSocketImpl.connectToAddress(Unknown Source)
java.net.PlainSocketImpl.connect(Unknown Source)
java.net.SocksSocketImpl.connect(Unknown Source)
java.net.Socket.connect(Unknown Source)
sun.net.NetworkClient.doConnect(Unknown Source)
sun.net.www.http.HttpClient.openServer(Unknown Source)
sun.net.www.http.HttpClient.openServer(Unknown Source)
sun.net.www.http.HttpClient.<init>(Unknown Source)
sun.net.www.http.HttpClient.New(Unknown Source)
sun.net.www.http.HttpClient.New(Unknown Source)
sun.net.www.protocol.http.HttpURLConnection.getNewHttpClient(Unknown Source)
sun.net.www.protocol.http.HttpURLConnection.plainConnect(Unknown Source)
sun.net.www.protocol.http.HttpURLConnection.connect(Unknown Source)
org.coocox.codb.common.util.URLConnUtil.doGet(URLConnUtil.java:59)
org.coocox.codb.client.core.api.impl.ExampleApiImpl.getExamplesOfCompByCompId(ExampleApiImpl.java:685)
org.coocox.codb.client.core.api.impl.ExampleApiImpl.freshExamplesByCompId(ExampleApiImpl.java:232)
org.coocox.example.core.impl.ExampleDBCmdHandler.freshExamplesByCompId(ExampleDBCmdHandler.java:51)
org.coocox.integrate.component.views.ComponentView$4$1.run(ComponentView.java:346)
org.eclipse.core.internal.jobs.Worker.run(Worker.java:54)


22:05:01.749 [Worker-41] ERROR org.coocox.codb.common.log.ErrorLog - getExamplesOfCompByCompId API failed 
Connection refused: connect
java.net.PlainSocketImpl.socketConnect(Native Method)
java.net.PlainSocketImpl.doConnect(Unknown Source)
java.net.PlainSocketImpl.connectToAddress(Unknown Source)
java.net.PlainSocketImpl.connect(Unknown Source)
java.net.SocksSocketImpl.connect(Unknown Source)
java.net.Socket.connect(Unknown Source)
sun.net.NetworkClient.doConnect(Unknown Source)
sun.net.www.http.HttpClient.openServer(Unknown Source)
sun.net.www.http.HttpClient.openServer(Unknown Source)
sun.net.www.http.HttpClient.<init>(Unknown Source)
sun.net.www.http.HttpClient.New(Unknown Source)
sun.net.www.http.HttpClient.New(Unknown Source)
sun.net.www.protocol.http.HttpURLConnection.getNewHttpClient(Unknown Source)
sun.net.www.protocol.http.HttpURLConnection.plainConnect(Unknown Source)
sun.net.www.protocol.http.HttpURLConnection.connect(Unknown Source)
org.coocox.codb.common.util.URLConnUtil.doGet(URLConnUtil.java:59)
org.coocox.codb.client.core.api.impl.ExampleApiImpl.getExamplesOfCompByCompId(ExampleApiImpl.java:685)
org.coocox.codb.client.core.api.impl.ExampleApiImpl.freshExamplesByCompId(ExampleApiImpl.java:232)
org.coocox.example.core.impl.ExampleDBCmdHandler.freshExamplesByCompId(ExampleDBCmdHandler.java:51)
org.coocox.integrate.component.views.ComponentView$4$1.run(ComponentView.java:346)
org.eclipse.core.internal.jobs.Worker.run(Worker.java:54)


22:05:03.489 [Worker-42] ERROR org.coocox.codb.common.log.ErrorLog - getExamplesOfCompByCompId API failed 
Connection refused: connect
java.net.PlainSocketImpl.socketConnect(Native Method)
java.net.PlainSocketImpl.doConnect(Unknown Source)
java.net.PlainSocketImpl.connectToAddress(Unknown Source)
java.net.PlainSocketImpl.connect(Unknown Source)
java.net.SocksSocketImpl.connect(Unknown Source)
java.net.Socket.connect(Unknown Source)
sun.net.NetworkClient.doConnect(Unknown Source)
sun.net.www.http.HttpClient.openServer(Unknown Source)
sun.net.www.http.HttpClient.openServer(Unknown Source)
sun.net.www.http.HttpClient.<init>(Unknown Source)
sun.net.www.http.HttpClient.New(Unknown Source)
sun.net.www.http.HttpClient.New(Unknown Source)
sun.net.www.protocol.http.HttpURLConnection.getNewHttpClient(Unknown Source)
sun.net.www.protocol.http.HttpURLConnection.plainConnect(Unknown Source)
sun.net.www.protocol.http.HttpURLConnection.connect(Unknown Source)
org.coocox.codb.common.util.URLConnUtil.doGet(URLConnUtil.java:59)
org.coocox.codb.client.core.api.impl.ExampleApiImpl.getExamplesOfCompByCompId(ExampleApiImpl.java:685)
org.coocox.codb.client.core.api.impl.ExampleApiImpl.freshExamplesByCompId(ExampleApiImpl.java:232)
org.coocox.example.core.impl.ExampleDBCmdHandler.freshExamplesByCompId(ExampleDBCmdHandler.java:51)
org.coocox.integrate.component.views.ComponentView$4$1.run(ComponentView.java:346)
org.eclipse.core.internal.jobs.Worker.run(Worker.java:54)


22:05:05.170 [Worker-20] ERROR org.coocox.codb.common.log.ErrorLog - getExamplesOfCompByCompId API failed 
Connection refused: connect
java.net.PlainSocketImpl.socketConnect(Native Method)
java.net.PlainSocketImpl.doConnect(Unknown Source)
java.net.PlainSocketImpl.connectToAddress(Unknown Source)
java.net.PlainSocketImpl.connect(Unknown Source)
java.net.SocksSocketImpl.connect(Unknown Source)
java.net.Socket.connect(Unknown Source)
sun.net.NetworkClient.doConnect(Unknown Source)
sun.net.www.http.HttpClient.openServer(Unknown Source)
sun.net.www.http.HttpClient.openServer(Unknown Source)
sun.net.www.http.HttpClient.<init>(Unknown Source)
sun.net.www.http.HttpClient.New(Unknown Source)
sun.net.www.http.HttpClient.New(Unknown Source)
sun.net.www.protocol.http.HttpURLConnection.getNewHttpClient(Unknown Source)
sun.net.www.protocol.http.HttpURLConnection.plainConnect(Unknown Source)
sun.net.www.protocol.http.HttpURLConnection.connect(Unknown Source)
org.coocox.codb.common.util.URLConnUtil.doGet(URLConnUtil.java:59)
org.coocox.codb.client.core.api.impl.ExampleApiImpl.getExamplesOfCompByCompId(ExampleApiImpl.java:685)
org.coocox.codb.client.core.api.impl.ExampleApiImpl.freshExamplesByCompId(ExampleApiImpl.java:232)
org.coocox.example.core.impl.ExampleDBCmdHandler.freshExamplesByCompId(ExampleDBCmdHandler.java:51)
org.coocox.integrate.component.views.ComponentView$4$1.run(ComponentView.java:346)
org.eclipse.core.internal.jobs.Worker.run(Worker.java:54)


22:05:06.870 [Worker-42] ERROR org.coocox.codb.common.log.ErrorLog - getExamplesOfCompByCompId API failed 
Connection refused: connect
java.net.PlainSocketImpl.socketConnect(Native Method)
java.net.PlainSocketImpl.doConnect(Unknown Source)
java.net.PlainSocketImpl.connectToAddress(Unknown Source)
java.net.PlainSocketImpl.connect(Unknown Source)
java.net.SocksSocketImpl.connect(Unknown Source)
java.net.Socket.connect(Unknown Source)
sun.net.NetworkClient.doConnect(Unknown Source)
sun.net.www.http.HttpClient.openServer(Unknown Source)
sun.net.www.http.HttpClient.openServer(Unknown Source)
sun.net.www.http.HttpClient.<init>(Unknown Source)
sun.net.www.http.HttpClient.New(Unknown Source)
sun.net.www.http.HttpClient.New(Unknown Source)
sun.net.www.protocol.http.HttpURLConnection.getNewHttpClient(Unknown Source)
sun.net.www.protocol.http.HttpURLConnection.plainConnect(Unknown Source)
sun.net.www.protocol.http.HttpURLConnection.connect(Unknown Source)
org.coocox.codb.common.util.URLConnUtil.doGet(URLConnUtil.java:59)
org.coocox.codb.client.core.api.impl.ExampleApiImpl.getExamplesOfCompByCompId(ExampleApiImpl.java:685)
org.coocox.codb.client.core.api.impl.ExampleApiImpl.freshExamplesByCompId(ExampleApiImpl.java:232)
org.coocox.example.core.impl.ExampleDBCmdHandler.freshExamplesByCompId(ExampleDBCmdHandler.java:51)
org.coocox.integrate.component.views.ComponentView$4$1.run(ComponentView.java:346)
org.eclipse.core.internal.jobs.Worker.run(Worker.java:54)


22:05:09.282 [Worker-43] ERROR org.coocox.codb.common.log.ErrorLog - getExamplesOfCompByCompId API failed 
Connection refused: connect
java.net.PlainSocketImpl.socketConnect(Native Method)
java.net.PlainSocketImpl.doConnect(Unknown Source)
java.net.PlainSocketImpl.connectToAddress(Unknown Source)
java.net.PlainSocketImpl.connect(Unknown Source)
java.net.SocksSocketImpl.connect(Unknown Source)
java.net.Socket.connect(Unknown Source)
sun.net.NetworkClient.doConnect(Unknown Source)
sun.net.www.http.HttpClient.openServer(Unknown Source)
sun.net.www.http.HttpClient.openServer(Unknown Source)
sun.net.www.http.HttpClient.<init>(Unknown Source)
sun.net.www.http.HttpClient.New(Unknown Source)
sun.net.www.http.HttpClient.New(Unknown Source)
sun.net.www.protocol.http.HttpURLConnection.getNewHttpClient(Unknown Source)
sun.net.www.protocol.http.HttpURLConnection.plainConnect(Unknown Source)
sun.net.www.protocol.http.HttpURLConnection.connect(Unknown Source)
org.coocox.codb.common.util.URLConnUtil.doGet(URLConnUtil.java:59)
org.coocox.codb.client.core.api.impl.ExampleApiImpl.getExamplesOfCompByCompId(ExampleApiImpl.java:685)
org.coocox.codb.client.core.api.impl.ExampleApiImpl.freshExamplesByCompId(ExampleApiImpl.java:232)
org.coocox.example.core.impl.ExampleDBCmdHandler.freshExamplesByCompId(ExampleDBCmdHandler.java:51)
org.coocox.integrate.component.views.ComponentView$4$1.run(ComponentView.java:346)
org.eclipse.core.internal.jobs.Worker.run(Worker.java:54)


22:25:45.987 [Worker-63] ERROR org.coocox.codb.common.log.ErrorLog - getExamplesOfCompByCompId API failed 
Connection refused: connect
java.net.PlainSocketImpl.socketConnect(Native Method)
java.net.PlainSocketImpl.doConnect(Unknown Source)
java.net.PlainSocketImpl.connectToAddress(Unknown Source)
java.net.PlainSocketImpl.connect(Unknown Source)
java.net.SocksSocketImpl.connect(Unknown Source)
java.net.Socket.connect(Unknown Source)
sun.net.NetworkClient.doConnect(Unknown Source)
sun.net.www.http.HttpClient.openServer(Unknown Source)
sun.net.www.http.HttpClient.openServer(Unknown Source)
sun.net.www.http.HttpClient.<init>(Unknown Source)
sun.net.www.http.HttpClient.New(Unknown Source)
sun.net.www.http.HttpClient.New(Unknown Source)
sun.net.www.protocol.http.HttpURLConnection.getNewHttpClient(Unknown Source)
sun.net.www.protocol.http.HttpURLConnection.plainConnect(Unknown Source)
sun.net.www.protocol.http.HttpURLConnection.connect(Unknown Source)
org.coocox.codb.common.util.URLConnUtil.doGet(URLConnUtil.java:59)
org.coocox.codb.client.core.api.impl.ExampleApiImpl.getExamplesOfCompByCompId(ExampleApiImpl.java:685)
org.coocox.codb.client.core.api.impl.ExampleApiImpl.freshExamplesByCompId(ExampleApiImpl.java:232)
org.coocox.example.core.impl.ExampleDBCmdHandler.freshExamplesByCompId(ExampleDBCmdHandler.java:51)
org.coocox.integrate.component.views.ComponentView$4$1.run(ComponentView.java:346)
org.eclipse.core.internal.jobs.Worker.run(Worker.java:54)


22:25:59.059 [Worker-63] ERROR org.coocox.codb.common.log.ErrorLog - getExamplesOfCompByCompId API failed 
Connection refused: connect
java.net.PlainSocketImpl.socketConnect(Native Method)
java.net.PlainSocketImpl.doConnect(Unknown Source)
java.net.PlainSocketImpl.connectToAddress(Unknown Source)
java.net.PlainSocketImpl.connect(Unknown Source)
java.net.SocksSocketImpl.connect(Unknown Source)
java.net.Socket.connect(Unknown Source)
sun.net.NetworkClient.doConnect(Unknown Source)
sun.net.www.http.HttpClient.openServer(Unknown Source)
sun.net.www.http.HttpClient.openServer(Unknown Source)
sun.net.www.http.HttpClient.<init>(Unknown Source)
sun.net.www.http.HttpClient.New(Unknown Source)
sun.net.www.http.HttpClient.New(Unknown Source)
sun.net.www.protocol.http.HttpURLConnection.getNewHttpClient(Unknown Source)
sun.net.www.protocol.http.HttpURLConnection.plainConnect(Unknown Source)
sun.net.www.protocol.http.HttpURLConnection.connect(Unknown Source)
org.coocox.codb.common.util.URLConnUtil.doGet(URLConnUtil.java:59)
org.coocox.codb.client.core.api.impl.ExampleApiImpl.getExamplesOfCompByCompId(ExampleApiImpl.java:685)
org.coocox.codb.client.core.api.impl.ExampleApiImpl.freshExamplesByCompId(ExampleApiImpl.java:232)
org.coocox.example.core.impl.ExampleDBCmdHandler.freshExamplesByCompId(ExampleDBCmdHandler.java:51)
org.coocox.integrate.component.views.ComponentView$4$1.run(ComponentView.java:346)
org.eclipse.core.internal.jobs.Worker.run(Worker.java:54)


22:49:15.778 [Worker-71] ERROR org.coocox.codb.common.log.ErrorLog - getExamplesOfCompByCompId API failed 
Connection refused: connect
java.net.PlainSocketImpl.socketConnect(Native Method)
java.net.PlainSocketImpl.doConnect(Unknown Source)
java.net.PlainSocketImpl.connectToAddress(Unknown Source)
java.net.PlainSocketImpl.connect(Unknown Source)
java.net.SocksSocketImpl.connect(Unknown Source)
java.net.Socket.connect(Unknown Source)
sun.net.NetworkClient.doConnect(Unknown Source)
sun.net.www.http.HttpClient.openServer(Unknown Source)
sun.net.www.http.HttpClient.openServer(Unknown Source)
sun.net.www.http.HttpClient.<init>(Unknown Source)
sun.net.www.http.HttpClient.New(Unknown Source)
sun.net.www.http.HttpClient.New(Unknown Source)
sun.net.www.protocol.http.HttpURLConnection.getNewHttpClient(Unknown Source)
sun.net.www.protocol.http.HttpURLConnection.plainConnect(Unknown Source)
sun.net.www.protocol.http.HttpURLConnection.connect(Unknown Source)
org.coocox.codb.common.util.URLConnUtil.doGet(URLConnUtil.java:59)
org.coocox.codb.client.core.api.impl.ExampleApiImpl.getExamplesOfCompByMcuId(ExampleApiImpl.java:760)
org.coocox.example.actions.RefreshExampleAction.initUpdateData(RefreshExampleAction.java:37)
org.coocox.example.actions.AbstractRefreshExampleAction.doThings(AbstractRefreshExampleAction.java:55)
org.coocox.common.ui.action.AbstractRefreshAction$3.run(AbstractRefreshAction.java:165)
org.eclipse.core.internal.jobs.Worker.run(Worker.java:54)


